# This is the CMakeCache file.
# For build in directory: /Volumes/S/chakra/build_chjitx64
# It was generated by CMake: /usr/local/bin/cmake
# You can edit this file to change values found and used by cmake.
# If you do not want to change any of the values, simply exit the editor.
# If you do want to change a value, simply edit, save, and exit the editor.
# The syntax for the file is as follows:
# KEY:TYPE=VALUE
# KEY is the name of a variable in the cache.
# TYPE is a hint to GUIs for the type of VALUE, DO NOT EDIT TYPE!.
# VALUE is the current value for the KEY.

########################
# EXTERNAL cache entries
########################

//Capstone availability
CAPSTONE_AVAILABLE:BOOL=FALSE

//Value Computed by CMake
CHAKRACORE_BINARY_DIR:STATIC=/Volumes/S/chakra/build_chjitx64

//Use build.sh
CHAKRACORE_BUILD_SH:BOOL=ON

//Value Computed by CMake
CHAKRACORE_IS_TOP_LEVEL:STATIC=ON

//Value Computed by CMake
CHAKRACORE_SOURCE_DIR:STATIC=/Volumes/S/chakra/ChakraCore

//Value Computed by CMake
CHAKRA_COMMON_BINARY_DIR:STATIC=/Volumes/S/chakra/build_chjitx64/lib/Common

//Value Computed by CMake
CHAKRA_COMMON_IS_TOP_LEVEL:STATIC=OFF

//Value Computed by CMake
CHAKRA_COMMON_SOURCE_DIR:STATIC=/Volumes/S/chakra/ChakraCore/lib/Common

//Value Computed by CMake
CHAKRA_PLATFORM_AGNOSTIC_BINARY_DIR:STATIC=/Volumes/S/chakra/build_chjitx64/lib/Runtime/PlatformAgnostic/Platform

//Value Computed by CMake
CHAKRA_PLATFORM_AGNOSTIC_IS_TOP_LEVEL:STATIC=OFF

//Value Computed by CMake
CHAKRA_PLATFORM_AGNOSTIC_SOURCE_DIR:STATIC=/Volumes/S/chakra/ChakraCore/lib/Runtime/PlatformAgnostic/Platform

//Value Computed by CMake
CHAKRA_RUNTIME_BINARY_DIR:STATIC=/Volumes/S/chakra/build_chjitx64/lib/Runtime

//Value Computed by CMake
CHAKRA_RUNTIME_IS_TOP_LEVEL:STATIC=OFF

//Value Computed by CMake
CHAKRA_RUNTIME_SOURCE_DIR:STATIC=/Volumes/S/chakra/ChakraCore/lib/Runtime

//Run result of try_run(), indicates whether the executable would
// have been able to run on its target platform.
//\nFor details see /Volumes/S/chakra/build_chjitx64/TryRunResults.cmake
CLANG_HAS_DISABLE_TAIL_CALLS_CFG_EXITCODE:STRING=PLEASE_FILL_OUT-FAILED_TO_RUN

//Path to a program.
CMAKE_ADDR2LINE:FILEPATH=CMAKE_ADDR2LINE-NOTFOUND

//Path to a program.
CMAKE_AR:FILEPATH=/usr/bin/ar

//ASM compiler
CMAKE_ASM_COMPILER:FILEPATH=/usr/bin/clang

//Flags used by the ASM compiler during all build types.
CMAKE_ASM_FLAGS:STRING=

//Flags used by the ASM compiler during DEBUG builds.
CMAKE_ASM_FLAGS_DEBUG:STRING=-g

//Flags used by the ASM compiler during MINSIZEREL builds.
CMAKE_ASM_FLAGS_MINSIZEREL:STRING=-Os -DNDEBUG

//Flags used by the ASM compiler during RELEASE builds.
CMAKE_ASM_FLAGS_RELEASE:STRING=-O3 -DNDEBUG

//Flags used by the ASM compiler during RELWITHDEBINFO builds.
CMAKE_ASM_FLAGS_RELWITHDEBINFO:STRING=-O2 -g -DNDEBUG

//Choose the type of build, options are: None Debug Release RelWithDebInfo
// MinSizeRel ...
CMAKE_BUILD_TYPE:STRING=RelWithDebInfo

//No help, variable specified on the command line.
CMAKE_CXX_COMPILER:UNINITIALIZED=clang++

//Flags used by the CXX compiler during all build types.
CMAKE_CXX_FLAGS:STRING=

//Flags used by the CXX compiler during DEBUG builds.
CMAKE_CXX_FLAGS_DEBUG:STRING=-g

//Flags used by the CXX compiler during MINSIZEREL builds.
CMAKE_CXX_FLAGS_MINSIZEREL:STRING=-Os -DNDEBUG

//Flags used by the CXX compiler during RELEASE builds.
CMAKE_CXX_FLAGS_RELEASE:STRING=-O3 -DNDEBUG

//Flags used by the CXX compiler during RELWITHDEBINFO builds.
CMAKE_CXX_FLAGS_RELWITHDEBINFO:STRING=-O2 -g -DNDEBUG

//No help, variable specified on the command line.
CMAKE_C_COMPILER:UNINITIALIZED=clang

//Flags used by the C compiler during all build types.
CMAKE_C_FLAGS:STRING=

//Flags used by the C compiler during DEBUG builds.
CMAKE_C_FLAGS_DEBUG:STRING=-g

//Flags used by the C compiler during MINSIZEREL builds.
CMAKE_C_FLAGS_MINSIZEREL:STRING=-Os -DNDEBUG

//Flags used by the C compiler during RELEASE builds.
CMAKE_C_FLAGS_RELEASE:STRING=-O3 -DNDEBUG

//Flags used by the C compiler during RELWITHDEBINFO builds.
CMAKE_C_FLAGS_RELWITHDEBINFO:STRING=-O2 -g -DNDEBUG

//Path to a program.
CMAKE_DLLTOOL:FILEPATH=CMAKE_DLLTOOL-NOTFOUND

//Flags used by the linker during all build types.
CMAKE_EXE_LINKER_FLAGS:STRING=-L/usr/local/opt/icu4c@78/lib

//Flags used by the linker during DEBUG builds.
CMAKE_EXE_LINKER_FLAGS_DEBUG:STRING=

//Flags used by the linker during MINSIZEREL builds.
CMAKE_EXE_LINKER_FLAGS_MINSIZEREL:STRING=

//Flags used by the linker during RELEASE builds.
CMAKE_EXE_LINKER_FLAGS_RELEASE:STRING=

//Flags used by the linker during RELWITHDEBINFO builds.
CMAKE_EXE_LINKER_FLAGS_RELWITHDEBINFO:STRING=

//Enable/Disable output of build database during the build.
CMAKE_EXPORT_BUILD_DATABASE:BOOL=

//Enable/Disable output of compile commands during generation.
CMAKE_EXPORT_COMPILE_COMMANDS:BOOL=

//Value Computed by CMake.
CMAKE_FIND_PACKAGE_REDIRECTS_DIR:STATIC=/Volumes/S/chakra/build_chjitx64/CMakeFiles/pkgRedirects

//Path to a program.
CMAKE_INSTALL_NAME_TOOL:FILEPATH=/usr/bin/install_name_tool

//Install path prefix, prepended onto install directories.
CMAKE_INSTALL_PREFIX:PATH=/usr/local

//Path to a program.
CMAKE_LINKER:FILEPATH=/usr/bin/ld

//Program used to build from build.ninja files.
CMAKE_MAKE_PROGRAM:FILEPATH=/usr/local/bin/ninja

//Flags used by the linker during the creation of modules during
// all build types.
CMAKE_MODULE_LINKER_FLAGS:STRING=-L/usr/local/opt/icu4c@78/lib

//Flags used by the linker during the creation of modules during
// DEBUG builds.
CMAKE_MODULE_LINKER_FLAGS_DEBUG:STRING=

//Flags used by the linker during the creation of modules during
// MINSIZEREL builds.
CMAKE_MODULE_LINKER_FLAGS_MINSIZEREL:STRING=

//Flags used by the linker during the creation of modules during
// RELEASE builds.
CMAKE_MODULE_LINKER_FLAGS_RELEASE:STRING=

//Flags used by the linker during the creation of modules during
// RELWITHDEBINFO builds.
CMAKE_MODULE_LINKER_FLAGS_RELWITHDEBINFO:STRING=

//Path to a program.
CMAKE_NM:FILEPATH=/usr/bin/nm

//Path to a program.
CMAKE_OBJCOPY:FILEPATH=CMAKE_OBJCOPY-NOTFOUND

//Path to a program.
CMAKE_OBJDUMP:FILEPATH=/usr/bin/objdump

//Build architectures for OSX
CMAKE_OSX_ARCHITECTURES:STRING=x86_64

//Minimum OS X version to target for deployment (at runtime); newer
// APIs weak linked. Set to empty string for default value.
CMAKE_OSX_DEPLOYMENT_TARGET:STRING=

//The product will be built against the headers and libraries located
// inside the indicated SDK.
CMAKE_OSX_SYSROOT:STRING=

//Value Computed by CMake
CMAKE_PROJECT_COMPAT_VERSION:STATIC=

//Value Computed by CMake
CMAKE_PROJECT_DESCRIPTION:STATIC=

//Value Computed by CMake
CMAKE_PROJECT_HOMEPAGE_URL:STATIC=

//Value Computed by CMake
CMAKE_PROJECT_NAME:STATIC=CHAKRACORE

//Value Computed by CMake
CMAKE_PROJECT_SPDX_LICENSE:STATIC=

//Path to a program.
CMAKE_RANLIB:FILEPATH=/usr/bin/ranlib

//Path to a program.
CMAKE_READELF:FILEPATH=CMAKE_READELF-NOTFOUND

//Flags used by the linker during the creation of shared libraries
// during all build types.
CMAKE_SHARED_LINKER_FLAGS:STRING=-L/usr/local/opt/icu4c@78/lib

//Flags used by the linker during the creation of shared libraries
// during DEBUG builds.
CMAKE_SHARED_LINKER_FLAGS_DEBUG:STRING=

//Flags used by the linker during the creation of shared libraries
// during MINSIZEREL builds.
CMAKE_SHARED_LINKER_FLAGS_MINSIZEREL:STRING=

//Flags used by the linker during the creation of shared libraries
// during RELEASE builds.
CMAKE_SHARED_LINKER_FLAGS_RELEASE:STRING=

//Flags used by the linker during the creation of shared libraries
// during RELWITHDEBINFO builds.
CMAKE_SHARED_LINKER_FLAGS_RELWITHDEBINFO:STRING=

//If set, runtime paths are not added when installing shared libraries,
// but are added when building.
CMAKE_SKIP_INSTALL_RPATH:BOOL=NO

//If set, runtime paths are not added when using shared libraries.
CMAKE_SKIP_RPATH:BOOL=NO

//Flags used by the archiver during the creation of static libraries
// during all build types.
CMAKE_STATIC_LINKER_FLAGS:STRING=

//Flags used by the archiver during the creation of static libraries
// during DEBUG builds.
CMAKE_STATIC_LINKER_FLAGS_DEBUG:STRING=

//Flags used by the archiver during the creation of static libraries
// during MINSIZEREL builds.
CMAKE_STATIC_LINKER_FLAGS_MINSIZEREL:STRING=

//Flags used by the archiver during the creation of static libraries
// during RELEASE builds.
CMAKE_STATIC_LINKER_FLAGS_RELEASE:STRING=

//Flags used by the archiver during the creation of static libraries
// during RELWITHDEBINFO builds.
CMAKE_STATIC_LINKER_FLAGS_RELWITHDEBINFO:STRING=

//Path to a program.
CMAKE_STRIP:FILEPATH=/usr/bin/strip

//No help, variable specified on the command line.
CMAKE_SYSTEM_NAME:UNINITIALIZED=Darwin

//No help, variable specified on the command line.
CMAKE_SYSTEM_PROCESSOR:UNINITIALIZED=x86_64

//Path to a program.
CMAKE_TAPI:FILEPATH=/Library/Developer/CommandLineTools/usr/bin/tapi

//If this value is on, makefiles will be generated without the
// .SILENT directive, and all commands will be echoed to the console
// during the make.  This is useful for debugging only. With Visual
// Studio IDE projects all commands are done without /nologo.
CMAKE_VERBOSE_MAKEFILE:BOOL=FALSE

//Value Computed by CMake
COREPAL_BINARY_DIR:STATIC=/Volumes/S/chakra/build_chjitx64/pal

//Value Computed by CMake
COREPAL_IS_TOP_LEVEL:STATIC=OFF

//Value Computed by CMake
COREPAL_SOURCE_DIR:STATIC=/Volumes/S/chakra/ChakraCore/pal

//Dependencies for the target
Chakra.Pal.Singular_LIB_DEPENDS:STATIC=general;-framework CoreFoundation;general;-framework Security;general;pthread;general;dl;

//Dependencies for the target
ChakraCoreStatic_LIB_DEPENDS:STATIC=general;-framework CoreFoundation;general;-framework Security;

//Dependencies for the target
ChakraCore_LIB_DEPENDS:STATIC=general;-Wl,-undefined,error;general;-Wl,-force_load,;general;ChakraCoreStatic;general;/usr/local/opt/icu4c@78/lib/libicuuc.dylib;general;/usr/local/opt/icu4c@78/lib/libicudata.dylib;general;pthread;general;dl;

//No help, variable specified on the command line.
DISABLE_JIT:UNINITIALIZED=OFF

//Run result of try_run(), indicates whether the executable would
// have been able to run on its target platform.
//\nFor details see /Volumes/S/chakra/build_chjitx64/TryRunResults.cmake
FILE_OPS_CHECK_FERROR_OF_PREVIOUS_CALL_EXITCODE:STRING=PLEASE_FILL_OUT-FAILED_TO_RUN

//Run result of try_run(), indicates whether the executable would
// have been able to run on its target platform.
//\nFor details see /Volumes/S/chakra/build_chjitx64/TryRunResults.cmake
GETPWUID_R_SETS_ERRNO_EXITCODE:STRING=PLEASE_FILL_OUT-FAILED_TO_RUN

//Run result of try_run(), indicates whether the executable would
// have been able to run on its target platform.
//\nFor details see /Volumes/S/chakra/build_chjitx64/TryRunResults.cmake
HAS_POSIX_SEMAPHORES_EXITCODE:STRING=PLEASE_FILL_OUT-FAILED_TO_RUN

//Run result of try_run(), indicates whether the executable would
// have been able to run on its target platform.
//\nFor details see /Volumes/S/chakra/build_chjitx64/TryRunResults.cmake
HAVE_BROKEN_FIFO_KEVENT_EXITCODE:STRING=PLEASE_FILL_OUT-FAILED_TO_RUN

//Run result of try_run(), indicates whether the executable would
// have been able to run on its target platform.
//\nFor details see /Volumes/S/chakra/build_chjitx64/TryRunResults.cmake
HAVE_CLOCK_MONOTONIC_COARSE_EXITCODE:STRING=PLEASE_FILL_OUT-FAILED_TO_RUN

//Run result of try_run(), indicates whether the executable would
// have been able to run on its target platform.
//\nFor details see /Volumes/S/chakra/build_chjitx64/TryRunResults.cmake
HAVE_CLOCK_MONOTONIC_EXITCODE:STRING=PLEASE_FILL_OUT-FAILED_TO_RUN

//Run result of try_run(), indicates whether the executable would
// have been able to run on its target platform.
//\nFor details see /Volumes/S/chakra/build_chjitx64/TryRunResults.cmake
HAVE_CLOCK_THREAD_CPUTIME_EXITCODE:STRING=PLEASE_FILL_OUT-FAILED_TO_RUN

//Run result of try_run(), indicates whether the executable would
// have been able to run on its target platform.
//\nFor details see /Volumes/S/chakra/build_chjitx64/TryRunResults.cmake
HAVE_COMPATIBLE_ACOS_EXITCODE:STRING=PLEASE_FILL_OUT-FAILED_TO_RUN

//Run result of try_run(), indicates whether the executable would
// have been able to run on its target platform.
//\nFor details see /Volumes/S/chakra/build_chjitx64/TryRunResults.cmake
HAVE_COMPATIBLE_ASIN_EXITCODE:STRING=PLEASE_FILL_OUT-FAILED_TO_RUN

//Run result of try_run(), indicates whether the executable would
// have been able to run on its target platform.
//\nFor details see /Volumes/S/chakra/build_chjitx64/TryRunResults.cmake
HAVE_COMPATIBLE_ATAN2_EXITCODE:STRING=PLEASE_FILL_OUT-FAILED_TO_RUN

//Run result of try_run(), indicates whether the executable would
// have been able to run on its target platform.
//\nFor details see /Volumes/S/chakra/build_chjitx64/TryRunResults.cmake
HAVE_COMPATIBLE_LOG10_EXITCODE:STRING=PLEASE_FILL_OUT-FAILED_TO_RUN

//Run result of try_run(), indicates whether the executable would
// have been able to run on its target platform.
//\nFor details see /Volumes/S/chakra/build_chjitx64/TryRunResults.cmake
HAVE_COMPATIBLE_LOG_EXITCODE:STRING=PLEASE_FILL_OUT-FAILED_TO_RUN

//Run result of try_run(), indicates whether the executable would
// have been able to run on its target platform.
//\nFor details see /Volumes/S/chakra/build_chjitx64/TryRunResults.cmake
HAVE_LARGE_SNPRINTF_SUPPORT_EXITCODE:STRING=PLEASE_FILL_OUT-FAILED_TO_RUN

//Run result of try_run(), indicates whether the executable would
// have been able to run on its target platform.
//\nFor details see /Volumes/S/chakra/build_chjitx64/TryRunResults.cmake
HAVE_MACH_ABSOLUTE_TIME_EXITCODE:STRING=PLEASE_FILL_OUT-FAILED_TO_RUN

//Run result of try_run(), indicates whether the executable would
// have been able to run on its target platform.
//\nFor details see /Volumes/S/chakra/build_chjitx64/TryRunResults.cmake
HAVE_MMAP_DEV_ZERO_EXITCODE:STRING=PLEASE_FILL_OUT-FAILED_TO_RUN

//Run result of try_run(), indicates whether the executable would
// have been able to run on its target platform.
//\nFor details see /Volumes/S/chakra/build_chjitx64/TryRunResults.cmake
HAVE_SCHED_GET_PRIORITY_EXITCODE:STRING=PLEASE_FILL_OUT-FAILED_TO_RUN

//Run result of try_run(), indicates whether the executable would
// have been able to run on its target platform.
//\nFor details see /Volumes/S/chakra/build_chjitx64/TryRunResults.cmake
HAVE_WORKING_CLOCK_GETTIME_EXITCODE:STRING=PLEASE_FILL_OUT-FAILED_TO_RUN

//Run result of try_run(), indicates whether the executable would
// have been able to run on its target platform.
//\nFor details see /Volumes/S/chakra/build_chjitx64/TryRunResults.cmake
HAVE_WORKING_GETTIMEOFDAY_EXITCODE:STRING=PLEASE_FILL_OUT-FAILED_TO_RUN

//Path to a library.
ICUDATA:FILEPATH=/usr/local/opt/icu4c@78/lib/libicudata.dylib

//Path to a library.
ICUUC:FILEPATH=/usr/local/opt/icu4c@78/lib/libicuuc.dylib

//No help, variable specified on the command line.
ICU_INCLUDE_PATH:UNINITIALIZED=/usr/local/opt/icu4c@78/include

//No help, variable specified on the command line.
ICU_LIBRARY_PATH:UNINITIALIZED=/usr/local/opt/icu4c@78/lib

//Run result of try_run(), indicates whether the executable would
// have been able to run on its target platform.
//\nFor details see /Volumes/S/chakra/build_chjitx64/TryRunResults.cmake
MMAP_DOESNOT_ALLOW_REMAP_EXITCODE:STRING=PLEASE_FILL_OUT-FAILED_TO_RUN

//Run result of try_run(), indicates whether the executable would
// have been able to run on its target platform.
//\nFor details see /Volumes/S/chakra/build_chjitx64/TryRunResults.cmake
MMAP_IGNORES_HINT_EXITCODE:STRING=PLEASE_FILL_OUT-FAILED_TO_RUN

//Run result of try_run(), indicates whether the executable would
// have been able to run on its target platform.
//\nFor details see /Volumes/S/chakra/build_chjitx64/TryRunResults.cmake
ONE_SHARED_MAPPING_PER_FILEREGION_PER_PROCESS_EXITCODE:STRING=PLEASE_FILL_OUT-FAILED_TO_RUN

//Run result of try_run(), indicates whether the executable would
// have been able to run on its target platform.
//\nFor details see /Volumes/S/chakra/build_chjitx64/TryRunResults.cmake
PTHREAD_CREATE_MODIFIES_ERRNO_EXITCODE:STRING=PLEASE_FILL_OUT-FAILED_TO_RUN

//Run result of try_run(), indicates whether the executable would
// have been able to run on its target platform.
//\nFor details see /Volumes/S/chakra/build_chjitx64/TryRunResults.cmake
REALPATH_SUPPORTS_NONEXISTENT_FILES_EXITCODE:STRING=PLEASE_FILL_OUT-FAILED_TO_RUN

//Run result of try_run(), indicates whether the executable would
// have been able to run on its target platform.
//\nFor details see /Volumes/S/chakra/build_chjitx64/TryRunResults.cmake
SEM_INIT_MODIFIES_ERRNO_EXITCODE:STRING=PLEASE_FILL_OUT-FAILED_TO_RUN

//Run result of try_run(), indicates whether the executable would
// have been able to run on its target platform.
//\nFor details see /Volumes/S/chakra/build_chjitx64/TryRunResults.cmake
SSCANF_CANNOT_HANDLE_MISSING_EXPONENT_EXITCODE:STRING=PLEASE_FILL_OUT-FAILED_TO_RUN

//Run result of try_run(), indicates whether the executable would
// have been able to run on its target platform.
//\nFor details see /Volumes/S/chakra/build_chjitx64/TryRunResults.cmake
SSCANF_SUPPORT_ll_EXITCODE:STRING=PLEASE_FILL_OUT-FAILED_TO_RUN

//Run result of try_run(), indicates whether the executable would
// have been able to run on its target platform.
//\nFor details see /Volumes/S/chakra/build_chjitx64/TryRunResults.cmake
UNGETC_NOT_RETURN_EOF_EXITCODE:STRING=PLEASE_FILL_OUT-FAILED_TO_RUN

//Value Computed by CMake
WABT_BINARY_DIR:STATIC=/Volumes/S/chakra/build_chjitx64/lib/wabt

//Value Computed by CMake
WABT_IS_TOP_LEVEL:STATIC=OFF

//Value Computed by CMake
WABT_SOURCE_DIR:STATIC=/Volumes/S/chakra/ChakraCore/lib/wabt

//Value Computed by CMake
chakrapal_BINARY_DIR:STATIC=/Volumes/S/chakra/build_chjitx64/pal/src

//Value Computed by CMake
chakrapal_IS_TOP_LEVEL:STATIC=OFF

//Value Computed by CMake
chakrapal_SOURCE_DIR:STATIC=/Volumes/S/chakra/ChakraCore/pal/src


########################
# INTERNAL cache entries
########################

//CHECK_TYPE_SIZE: struct reg unknown
BSD_REGS_T:INTERNAL=
//Result of TRY_COMPILE
CLANG_HAS_DISABLE_TAIL_CALLS_CFG_COMPILED:INTERNAL=TRUE
//ADVANCED property for variable: CLANG_HAS_DISABLE_TAIL_CALLS_CFG_EXITCODE
CLANG_HAS_DISABLE_TAIL_CALLS_CFG_EXITCODE-ADVANCED:INTERNAL=1
//ADVANCED property for variable: CMAKE_ADDR2LINE
CMAKE_ADDR2LINE-ADVANCED:INTERNAL=1
//ADVANCED property for variable: CMAKE_AR
CMAKE_AR-ADVANCED:INTERNAL=1
//ADVANCED property for variable: CMAKE_ASM_COMPILER
CMAKE_ASM_COMPILER-ADVANCED:INTERNAL=1
CMAKE_ASM_COMPILER_WORKS:INTERNAL=1
//ADVANCED property for variable: CMAKE_ASM_FLAGS
CMAKE_ASM_FLAGS-ADVANCED:INTERNAL=1
//ADVANCED property for variable: CMAKE_ASM_FLAGS_DEBUG
CMAKE_ASM_FLAGS_DEBUG-ADVANCED:INTERNAL=1
//ADVANCED property for variable: CMAKE_ASM_FLAGS_MINSIZEREL
CMAKE_ASM_FLAGS_MINSIZEREL-ADVANCED:INTERNAL=1
//ADVANCED property for variable: CMAKE_ASM_FLAGS_RELEASE
CMAKE_ASM_FLAGS_RELEASE-ADVANCED:INTERNAL=1
//ADVANCED property for variable: CMAKE_ASM_FLAGS_RELWITHDEBINFO
CMAKE_ASM_FLAGS_RELWITHDEBINFO-ADVANCED:INTERNAL=1
//This is the directory where this CMakeCache.txt was created
CMAKE_CACHEFILE_DIR:INTERNAL=/Volumes/S/chakra/build_chjitx64
//Major version of cmake used to create the current loaded cache
CMAKE_CACHE_MAJOR_VERSION:INTERNAL=4
//Minor version of cmake used to create the current loaded cache
CMAKE_CACHE_MINOR_VERSION:INTERNAL=2
//Patch version of cmake used to create the current loaded cache
CMAKE_CACHE_PATCH_VERSION:INTERNAL=1
//Path to CMake executable.
CMAKE_COMMAND:INTERNAL=/usr/local/bin/cmake
//Path to cpack program executable.
CMAKE_CPACK_COMMAND:INTERNAL=/usr/local/bin/cpack
//Path to ctest program executable.
CMAKE_CTEST_COMMAND:INTERNAL=/usr/local/bin/ctest
//ADVANCED property for variable: CMAKE_CXX_COMPILER
CMAKE_CXX_COMPILER-ADVANCED:INTERNAL=1
//ADVANCED property for variable: CMAKE_CXX_FLAGS
CMAKE_CXX_FLAGS-ADVANCED:INTERNAL=1
//ADVANCED property for variable: CMAKE_CXX_FLAGS_DEBUG
CMAKE_CXX_FLAGS_DEBUG-ADVANCED:INTERNAL=1
//ADVANCED property for variable: CMAKE_CXX_FLAGS_MINSIZEREL
CMAKE_CXX_FLAGS_MINSIZEREL-ADVANCED:INTERNAL=1
//ADVANCED property for variable: CMAKE_CXX_FLAGS_RELEASE
CMAKE_CXX_FLAGS_RELEASE-ADVANCED:INTERNAL=1
//ADVANCED property for variable: CMAKE_CXX_FLAGS_RELWITHDEBINFO
CMAKE_CXX_FLAGS_RELWITHDEBINFO-ADVANCED:INTERNAL=1
//ADVANCED property for variable: CMAKE_C_COMPILER
CMAKE_C_COMPILER-ADVANCED:INTERNAL=1
//ADVANCED property for variable: CMAKE_C_FLAGS
CMAKE_C_FLAGS-ADVANCED:INTERNAL=1
//ADVANCED property for variable: CMAKE_C_FLAGS_DEBUG
CMAKE_C_FLAGS_DEBUG-ADVANCED:INTERNAL=1
//ADVANCED property for variable: CMAKE_C_FLAGS_MINSIZEREL
CMAKE_C_FLAGS_MINSIZEREL-ADVANCED:INTERNAL=1
//ADVANCED property for variable: CMAKE_C_FLAGS_RELEASE
CMAKE_C_FLAGS_RELEASE-ADVANCED:INTERNAL=1
//ADVANCED property for variable: CMAKE_C_FLAGS_RELWITHDEBINFO
CMAKE_C_FLAGS_RELWITHDEBINFO-ADVANCED:INTERNAL=1
//ADVANCED property for variable: CMAKE_DLLTOOL
CMAKE_DLLTOOL-ADVANCED:INTERNAL=1
//Path to cache edit program executable.
CMAKE_EDIT_COMMAND:INTERNAL=/usr/local/bin/ccmake
//Executable file format
CMAKE_EXECUTABLE_FORMAT:INTERNAL=MACHO
//ADVANCED property for variable: CMAKE_EXE_LINKER_FLAGS
CMAKE_EXE_LINKER_FLAGS-ADVANCED:INTERNAL=1
//ADVANCED property for variable: CMAKE_EXE_LINKER_FLAGS_DEBUG
CMAKE_EXE_LINKER_FLAGS_DEBUG-ADVANCED:INTERNAL=1
//ADVANCED property for variable: CMAKE_EXE_LINKER_FLAGS_MINSIZEREL
CMAKE_EXE_LINKER_FLAGS_MINSIZEREL-ADVANCED:INTERNAL=1
//ADVANCED property for variable: CMAKE_EXE_LINKER_FLAGS_RELEASE
CMAKE_EXE_LINKER_FLAGS_RELEASE-ADVANCED:INTERNAL=1
//ADVANCED property for variable: CMAKE_EXE_LINKER_FLAGS_RELWITHDEBINFO
CMAKE_EXE_LINKER_FLAGS_RELWITHDEBINFO-ADVANCED:INTERNAL=1
//ADVANCED property for variable: CMAKE_EXPORT_BUILD_DATABASE
CMAKE_EXPORT_BUILD_DATABASE-ADVANCED:INTERNAL=1
//ADVANCED property for variable: CMAKE_EXPORT_COMPILE_COMMANDS
CMAKE_EXPORT_COMPILE_COMMANDS-ADVANCED:INTERNAL=1
//Name of external makefile project generator.
CMAKE_EXTRA_GENERATOR:INTERNAL=
//Name of generator.
CMAKE_GENERATOR:INTERNAL=Ninja
//Generator instance identifier.
CMAKE_GENERATOR_INSTANCE:INTERNAL=
//Name of generator platform.
CMAKE_GENERATOR_PLATFORM:INTERNAL=
//Name of generator toolset.
CMAKE_GENERATOR_TOOLSET:INTERNAL=
//Source directory with the top level CMakeLists.txt file for this
// project
CMAKE_HOME_DIRECTORY:INTERNAL=/Volumes/S/chakra/ChakraCore
//ADVANCED property for variable: CMAKE_INSTALL_NAME_TOOL
CMAKE_INSTALL_NAME_TOOL-ADVANCED:INTERNAL=1
//ADVANCED property for variable: CMAKE_LINKER
CMAKE_LINKER-ADVANCED:INTERNAL=1
//Name of CMakeLists files to read
CMAKE_LIST_FILE_NAME:INTERNAL=CMakeLists.txt
//ADVANCED property for variable: CMAKE_MAKE_PROGRAM
CMAKE_MAKE_PROGRAM-ADVANCED:INTERNAL=1
//ADVANCED property for variable: CMAKE_MODULE_LINKER_FLAGS
CMAKE_MODULE_LINKER_FLAGS-ADVANCED:INTERNAL=1
//ADVANCED property for variable: CMAKE_MODULE_LINKER_FLAGS_DEBUG
CMAKE_MODULE_LINKER_FLAGS_DEBUG-ADVANCED:INTERNAL=1
//ADVANCED property for variable: CMAKE_MODULE_LINKER_FLAGS_MINSIZEREL
CMAKE_MODULE_LINKER_FLAGS_MINSIZEREL-ADVANCED:INTERNAL=1
//ADVANCED property for variable: CMAKE_MODULE_LINKER_FLAGS_RELEASE
CMAKE_MODULE_LINKER_FLAGS_RELEASE-ADVANCED:INTERNAL=1
//ADVANCED property for variable: CMAKE_MODULE_LINKER_FLAGS_RELWITHDEBINFO
CMAKE_MODULE_LINKER_FLAGS_RELWITHDEBINFO-ADVANCED:INTERNAL=1
//ADVANCED property for variable: CMAKE_NM
CMAKE_NM-ADVANCED:INTERNAL=1
//number of local generators
CMAKE_NUMBER_OF_MAKEFILES:INTERNAL=34
//ADVANCED property for variable: CMAKE_OBJCOPY
CMAKE_OBJCOPY-ADVANCED:INTERNAL=1
//ADVANCED property for variable: CMAKE_OBJDUMP
CMAKE_OBJDUMP-ADVANCED:INTERNAL=1
//Platform information initialized
CMAKE_PLATFORM_INFO_INITIALIZED:INTERNAL=1
//ADVANCED property for variable: CMAKE_RANLIB
CMAKE_RANLIB-ADVANCED:INTERNAL=1
//ADVANCED property for variable: CMAKE_READELF
CMAKE_READELF-ADVANCED:INTERNAL=1
//Path to CMake installation.
CMAKE_ROOT:INTERNAL=/usr/local/share/cmake
//ADVANCED property for variable: CMAKE_SHARED_LINKER_FLAGS
CMAKE_SHARED_LINKER_FLAGS-ADVANCED:INTERNAL=1
//ADVANCED property for variable: CMAKE_SHARED_LINKER_FLAGS_DEBUG
CMAKE_SHARED_LINKER_FLAGS_DEBUG-ADVANCED:INTERNAL=1
//ADVANCED property for variable: CMAKE_SHARED_LINKER_FLAGS_MINSIZEREL
CMAKE_SHARED_LINKER_FLAGS_MINSIZEREL-ADVANCED:INTERNAL=1
//ADVANCED property for variable: CMAKE_SHARED_LINKER_FLAGS_RELEASE
CMAKE_SHARED_LINKER_FLAGS_RELEASE-ADVANCED:INTERNAL=1
//ADVANCED property for variable: CMAKE_SHARED_LINKER_FLAGS_RELWITHDEBINFO
CMAKE_SHARED_LINKER_FLAGS_RELWITHDEBINFO-ADVANCED:INTERNAL=1
//ADVANCED property for variable: CMAKE_SKIP_INSTALL_RPATH
CMAKE_SKIP_INSTALL_RPATH-ADVANCED:INTERNAL=1
//ADVANCED property for variable: CMAKE_SKIP_RPATH
CMAKE_SKIP_RPATH-ADVANCED:INTERNAL=1
//ADVANCED property for variable: CMAKE_STATIC_LINKER_FLAGS
CMAKE_STATIC_LINKER_FLAGS-ADVANCED:INTERNAL=1
//ADVANCED property for variable: CMAKE_STATIC_LINKER_FLAGS_DEBUG
CMAKE_STATIC_LINKER_FLAGS_DEBUG-ADVANCED:INTERNAL=1
//ADVANCED property for variable: CMAKE_STATIC_LINKER_FLAGS_MINSIZEREL
CMAKE_STATIC_LINKER_FLAGS_MINSIZEREL-ADVANCED:INTERNAL=1
//ADVANCED property for variable: CMAKE_STATIC_LINKER_FLAGS_RELEASE
CMAKE_STATIC_LINKER_FLAGS_RELEASE-ADVANCED:INTERNAL=1
//ADVANCED property for variable: CMAKE_STATIC_LINKER_FLAGS_RELWITHDEBINFO
CMAKE_STATIC_LINKER_FLAGS_RELWITHDEBINFO-ADVANCED:INTERNAL=1
//ADVANCED property for variable: CMAKE_STRIP
CMAKE_STRIP-ADVANCED:INTERNAL=1
//ADVANCED property for variable: CMAKE_TAPI
CMAKE_TAPI-ADVANCED:INTERNAL=1
//uname command
CMAKE_UNAME:INTERNAL=/usr/bin/uname
//ADVANCED property for variable: CMAKE_VERBOSE_MAKEFILE
CMAKE_VERBOSE_MAKEFILE-ADVANCED:INTERNAL=1
//Result of TRY_COMPILE
FILE_OPS_CHECK_FERROR_OF_PREVIOUS_CALL_COMPILED:INTERNAL=TRUE
//ADVANCED property for variable: FILE_OPS_CHECK_FERROR_OF_PREVIOUS_CALL_EXITCODE
FILE_OPS_CHECK_FERROR_OF_PREVIOUS_CALL_EXITCODE-ADVANCED:INTERNAL=1
//Details about finding Python
FIND_PACKAGE_MESSAGE_DETAILS_Python:INTERNAL=[/Library/Developer/CommandLineTools/Library/Frameworks/Python3.framework/Versions/3.9/bin/python3.9][found components: Interpreter ][v3.9.6()]
//Result of TRY_COMPILE
GETPWUID_R_SETS_ERRNO_COMPILED:INTERNAL=TRUE
//ADVANCED property for variable: GETPWUID_R_SETS_ERRNO_EXITCODE
GETPWUID_R_SETS_ERRNO_EXITCODE-ADVANCED:INTERNAL=1
//Result of TRY_COMPILE
HAS_POSIX_SEMAPHORES_COMPILED:INTERNAL=TRUE
//ADVANCED property for variable: HAS_POSIX_SEMAPHORES_EXITCODE
HAS_POSIX_SEMAPHORES_EXITCODE-ADVANCED:INTERNAL=1
//Have function pthread_mutex_init
HAS_PTHREAD_MUTEXES:INTERNAL=1
//Have function semget
HAS_SYSV_SEMAPHORES:INTERNAL=1
//Have include alloca.h
HAVE_ALLOCA_H:INTERNAL=1
//Result of TRY_COMPILE
HAVE_BROKEN_FIFO_KEVENT_COMPILED:INTERNAL=TRUE
//ADVANCED property for variable: HAVE_BROKEN_FIFO_KEVENT_EXITCODE
HAVE_BROKEN_FIFO_KEVENT_EXITCODE-ADVANCED:INTERNAL=1
//Test HAVE_BROKEN_FIFO_SELECT
HAVE_BROKEN_FIFO_SELECT:INTERNAL=
//Result of TRY_COMPILE
HAVE_BROKEN_FIFO_SELECT_COMPILED:INTERNAL=FALSE
//Result of TRY_COMPILE
HAVE_BSD_REGS_T:INTERNAL=FALSE
//Have symbol CHAR_BIT
HAVE_CHAR_BIT:INTERNAL=
//Result of TRY_COMPILE
HAVE_CLOCK_MONOTONIC_COARSE_COMPILED:INTERNAL=TRUE
//ADVANCED property for variable: HAVE_CLOCK_MONOTONIC_COARSE_EXITCODE
HAVE_CLOCK_MONOTONIC_COARSE_EXITCODE-ADVANCED:INTERNAL=1
//Result of TRY_COMPILE
HAVE_CLOCK_MONOTONIC_COMPILED:INTERNAL=TRUE
//ADVANCED property for variable: HAVE_CLOCK_MONOTONIC_EXITCODE
HAVE_CLOCK_MONOTONIC_EXITCODE-ADVANCED:INTERNAL=1
//Result of TRY_COMPILE
HAVE_CLOCK_THREAD_CPUTIME_COMPILED:INTERNAL=TRUE
//ADVANCED property for variable: HAVE_CLOCK_THREAD_CPUTIME_EXITCODE
HAVE_CLOCK_THREAD_CPUTIME_EXITCODE-ADVANCED:INTERNAL=1
//Result of TRY_COMPILE
HAVE_COMPATIBLE_ACOS_COMPILED:INTERNAL=TRUE
//ADVANCED property for variable: HAVE_COMPATIBLE_ACOS_EXITCODE
HAVE_COMPATIBLE_ACOS_EXITCODE-ADVANCED:INTERNAL=1
//Result of TRY_COMPILE
HAVE_COMPATIBLE_ASIN_COMPILED:INTERNAL=TRUE
//ADVANCED property for variable: HAVE_COMPATIBLE_ASIN_EXITCODE
HAVE_COMPATIBLE_ASIN_EXITCODE-ADVANCED:INTERNAL=1
//Result of TRY_COMPILE
HAVE_COMPATIBLE_ATAN2_COMPILED:INTERNAL=TRUE
//ADVANCED property for variable: HAVE_COMPATIBLE_ATAN2_EXITCODE
HAVE_COMPATIBLE_ATAN2_EXITCODE-ADVANCED:INTERNAL=1
//Test HAVE_COMPATIBLE_EXP
HAVE_COMPATIBLE_EXP:INTERNAL=
//Result of TRY_COMPILE
HAVE_COMPATIBLE_EXP_COMPILED:INTERNAL=FALSE
//Result of TRY_COMPILE
HAVE_COMPATIBLE_LOG10_COMPILED:INTERNAL=TRUE
//ADVANCED property for variable: HAVE_COMPATIBLE_LOG10_EXITCODE
HAVE_COMPATIBLE_LOG10_EXITCODE-ADVANCED:INTERNAL=1
//Result of TRY_COMPILE
HAVE_COMPATIBLE_LOG_COMPILED:INTERNAL=TRUE
//ADVANCED property for variable: HAVE_COMPATIBLE_LOG_EXITCODE
HAVE_COMPATIBLE_LOG_EXITCODE-ADVANCED:INTERNAL=1
//Have function copysign
HAVE_COPYSIGN:INTERNAL=1
//Have include crt_externs.h
HAVE_CRT_EXTERNS_H:INTERNAL=1
//Have function directio
HAVE_DIRECTIO:INTERNAL=
//Have function fsync
HAVE_FSYNC:INTERNAL=1
//Have function futimes
HAVE_FUTIMES:INTERNAL=1
//Have function getpwuid_r
HAVE_GETPWUID_R:INTERNAL=1
//Have function gmtime_r
HAVE_GMTIME_R:INTERNAL=1
//Test HAVE_GREGSET_T
HAVE_GREGSET_T:INTERNAL=
//Have includes ieeefp.h
HAVE_IEEEFP_H:INTERNAL=
//Have symbol INFTIM
HAVE_INFTIM:INTERNAL=
//Have function kqueue
HAVE_KQUEUE:INTERNAL=1
//Result of TRY_COMPILE
HAVE_LARGE_SNPRINTF_SUPPORT_COMPILED:INTERNAL=TRUE
//ADVANCED property for variable: HAVE_LARGE_SNPRINTF_SUPPORT_EXITCODE
HAVE_LARGE_SNPRINTF_SUPPORT_EXITCODE-ADVANCED:INTERNAL=1
//Have function localtime_r
HAVE_LOCALTIME_R:INTERNAL=1
//Result of TRY_COMPILE
HAVE_MACH_ABSOLUTE_TIME_COMPILED:INTERNAL=TRUE
//ADVANCED property for variable: HAVE_MACH_ABSOLUTE_TIME_EXITCODE
HAVE_MACH_ABSOLUTE_TIME_EXITCODE-ADVANCED:INTERNAL=1
//Have function thread_set_exception_ports
HAVE_MACH_EXCEPTIONS:INTERNAL=1
//Have function pthread_mach_thread_np
HAVE_MACH_THREADS:INTERNAL=1
//Have include mach/vm_param.h
HAVE_MACH_VM_PARAM_H:INTERNAL=1
//Have include mach/vm_types.h
HAVE_MACH_VM_TYPES_H:INTERNAL=1
//Result of TRY_COMPILE
HAVE_MMAP_DEV_ZERO_COMPILED:INTERNAL=TRUE
//ADVANCED property for variable: HAVE_MMAP_DEV_ZERO_EXITCODE
HAVE_MMAP_DEV_ZERO_EXITCODE-ADVANCED:INTERNAL=1
//Have function poll
HAVE_POLL:INTERNAL=1
//Test HAVE_PROCFS_CTL
HAVE_PROCFS_CTL:INTERNAL=
//Result of TRY_COMPILE
HAVE_PROCFS_CTL_COMPILED:INTERNAL=FALSE
//Have includes procfs.h
HAVE_PROCFS_H:INTERNAL=
//Result of TRY_COMPILE
HAVE_PRWATCH_T:INTERNAL=FALSE
//Have library pthread
HAVE_PTHREAD_ATTR_GET_NP:INTERNAL=
//Have library pthread
HAVE_PTHREAD_CONTINUE:INTERNAL=
//Have library pthread
HAVE_PTHREAD_CONTINUE_NP:INTERNAL=
//Have library pthread
HAVE_PTHREAD_GETATTR_NP:INTERNAL=
//Have library pthread
HAVE_PTHREAD_GETCPUCLOCKID:INTERNAL=
//Have includes pthread_np.h
HAVE_PTHREAD_NP_H:INTERNAL=
//Have library pthread
HAVE_PTHREAD_RESUME_NP:INTERNAL=
//Result of TRY_COMPILE
HAVE_PTHREAD_RWLOCK_T:INTERNAL=TRUE
//Have library pthread
HAVE_PTHREAD_SIGQUEUE:INTERNAL=
//Have library pthread
HAVE_PTHREAD_SUSPEND:INTERNAL=
//Have library pthread
HAVE_PTHREAD_SUSPEND_NP:INTERNAL=
//Result of TRY_COMPILE
HAVE_PT_REGS:INTERNAL=FALSE
//Have include runetype.h
HAVE_RUNETYPE_H:INTERNAL=1
//Test HAVE_SCHED_GETCPU
HAVE_SCHED_GETCPU:INTERNAL=
//Result of TRY_COMPILE
HAVE_SCHED_GETCPU_COMPILED:INTERNAL=FALSE
//Result of TRY_COMPILE
HAVE_SCHED_GET_PRIORITY_COMPILED:INTERNAL=TRUE
//ADVANCED property for variable: HAVE_SCHED_GET_PRIORITY_EXITCODE
HAVE_SCHED_GET_PRIORITY_EXITCODE-ADVANCED:INTERNAL=1
//Result of TRY_COMPILE
HAVE_SIGINFO_T:INTERNAL=TRUE
//Have function sigreturn
HAVE_SIGRETURN:INTERNAL=
//Result of TRY_COMPILE
HAVE_SIZEOF_OFF_T:INTERNAL=TRUE
//Result of TRY_COMPILE
HAVE_SIZEOF_SIZE_T:INTERNAL=TRUE
//Have symbol snprintf
HAVE_SNPRINTF:INTERNAL=1
//Result of TRY_COMPILE
HAVE_SSIZE_T:INTERNAL=TRUE
//Have function statvfs
HAVE_STATVFS:INTERNAL=1
//Test HAVE_STAT_NSEC
HAVE_STAT_NSEC:INTERNAL=
//Test HAVE_STAT_TIMESPEC
HAVE_STAT_TIMESPEC:INTERNAL=1
//Have include stddef.h
HAVE_STDDEF_H:INTERNAL=1
//Have include stdint.h
HAVE_STDINT_H:INTERNAL=1
//Have symbol strcasecmp
HAVE_STRCASECMP:INTERNAL=1
//Have function sysconf
HAVE_SYSCONF:INTERNAL=1
//Have function sysctl
HAVE_SYSCTL:INTERNAL=1
//Have includes sys/lwp.h
HAVE_SYS_LWP_H:INTERNAL=
//Have include sys/time.h
HAVE_SYS_TIME_H:INTERNAL=1
//Have include sys/types.h
HAVE_SYS_TYPES_H:INTERNAL=1
//Have include sys/vmparam.h
HAVE_SYS_VMPARAM_H:INTERNAL=1
//Have function thread_self
HAVE_THREAD_SELF:INTERNAL=
//Have function timegm
HAVE_TIMEGM:INTERNAL=1
//Test HAVE_TM_GMTOFF
HAVE_TM_GMTOFF:INTERNAL=1
//Have function ttrace
HAVE_TTRACE:INTERNAL=
//Result of TRY_COMPILE
HAVE_UCONTEXT_T:INTERNAL=FALSE
//Have include unistd.h
HAVE_UNISTD_H:INTERNAL=1
//Have function utimes
HAVE_UTIMES:INTERNAL=1
//Have function vm_allocate
HAVE_VM_ALLOCATE:INTERNAL=1
//Have function vm_read
HAVE_VM_READ:INTERNAL=1
//Result of TRY_COMPILE
HAVE_WORKING_CLOCK_GETTIME_COMPILED:INTERNAL=TRUE
//ADVANCED property for variable: HAVE_WORKING_CLOCK_GETTIME_EXITCODE
HAVE_WORKING_CLOCK_GETTIME_EXITCODE-ADVANCED:INTERNAL=1
//Result of TRY_COMPILE
HAVE_WORKING_GETTIMEOFDAY_COMPILED:INTERNAL=TRUE
//ADVANCED property for variable: HAVE_WORKING_GETTIMEOFDAY_EXITCODE
HAVE_WORKING_GETTIMEOFDAY_EXITCODE-ADVANCED:INTERNAL=1
//Have symbol SYS_yield
HAVE_YIELD_SYSCALL:INTERNAL=
//Have function _lwp_self
HAVE__LWP_SELF:INTERNAL=
//Have symbol _SC_AVPHYS_PAGES
HAVE__SC_AVPHYS_PAGES:INTERNAL=
//Have symbol _SC_PHYS_PAGES
HAVE__SC_PHYS_PAGES:INTERNAL=1
//Have function _snwprintf
HAVE__SNWPRINTF:INTERNAL=
//Have function _thread_sys_sigreturn
HAVE__THREAD_SYS_SIGRETURN:INTERNAL=
//Test MMAP_ANON_IGNORES_PROTECTION
MMAP_ANON_IGNORES_PROTECTION:INTERNAL=
//Result of TRY_COMPILE
MMAP_ANON_IGNORES_PROTECTION_COMPILED:INTERNAL=FALSE
//Result of TRY_COMPILE
MMAP_DOESNOT_ALLOW_REMAP_COMPILED:INTERNAL=TRUE
//ADVANCED property for variable: MMAP_DOESNOT_ALLOW_REMAP_EXITCODE
MMAP_DOESNOT_ALLOW_REMAP_EXITCODE-ADVANCED:INTERNAL=1
//Result of TRY_COMPILE
MMAP_IGNORES_HINT_COMPILED:INTERNAL=TRUE
//ADVANCED property for variable: MMAP_IGNORES_HINT_EXITCODE
MMAP_IGNORES_HINT_EXITCODE-ADVANCED:INTERNAL=1
//Result of TRY_COMPILE
ONE_SHARED_MAPPING_PER_FILEREGION_PER_PROCESS_COMPILED:INTERNAL=TRUE
//ADVANCED property for variable: ONE_SHARED_MAPPING_PER_FILEREGION_PER_PROCESS_EXITCODE
ONE_SHARED_MAPPING_PER_FILEREGION_PER_PROCESS_EXITCODE-ADVANCED:INTERNAL=1
//Test PLATFORM_ACCEPTS_ABS_OVERLOAD
PLATFORM_ACCEPTS_ABS_OVERLOAD:INTERNAL=
//Result of TRY_COMPILE
PLATFORM_ACCEPTS_ABS_OVERLOAD_COMPILED:INTERNAL=FALSE
//CHECK_TYPE_SIZE: prwatch_t unknown
PRWATCH_T:INTERNAL=
//Result of TRY_COMPILE
PTHREAD_CREATE_MODIFIES_ERRNO_COMPILED:INTERNAL=TRUE
//ADVANCED property for variable: PTHREAD_CREATE_MODIFIES_ERRNO_EXITCODE
PTHREAD_CREATE_MODIFIES_ERRNO_EXITCODE-ADVANCED:INTERNAL=1
//CHECK_TYPE_SIZE: sizeof(pthread_rwlock_t)
PTHREAD_RWLOCK_T:INTERNAL=200
//CHECK_TYPE_SIZE: struct pt_regs unknown
PT_REGS:INTERNAL=
//Result of TRY_COMPILE
REALPATH_SUPPORTS_NONEXISTENT_FILES_COMPILED:INTERNAL=TRUE
//ADVANCED property for variable: REALPATH_SUPPORTS_NONEXISTENT_FILES_EXITCODE
REALPATH_SUPPORTS_NONEXISTENT_FILES_EXITCODE-ADVANCED:INTERNAL=1
//Result of TRY_COMPILE
SEM_INIT_MODIFIES_ERRNO_COMPILED:INTERNAL=TRUE
//ADVANCED property for variable: SEM_INIT_MODIFIES_ERRNO_EXITCODE
SEM_INIT_MODIFIES_ERRNO_EXITCODE-ADVANCED:INTERNAL=1
//CHECK_TYPE_SIZE: sizeof(siginfo_t)
SIGINFO_T:INTERNAL=104
//CHECK_TYPE_SIZE: sizeof(off_t)
SIZEOF_OFF_T:INTERNAL=8
//CHECK_TYPE_SIZE: sizeof(size_t)
SIZEOF_SIZE_T:INTERNAL=8
//Result of TRY_COMPILE
SSCANF_CANNOT_HANDLE_MISSING_EXPONENT_COMPILED:INTERNAL=TRUE
//ADVANCED property for variable: SSCANF_CANNOT_HANDLE_MISSING_EXPONENT_EXITCODE
SSCANF_CANNOT_HANDLE_MISSING_EXPONENT_EXITCODE-ADVANCED:INTERNAL=1
//Result of TRY_COMPILE
SSCANF_SUPPORT_ll_COMPILED:INTERNAL=TRUE
//ADVANCED property for variable: SSCANF_SUPPORT_ll_EXITCODE
SSCANF_SUPPORT_ll_EXITCODE-ADVANCED:INTERNAL=1
//CHECK_TYPE_SIZE: sizeof(ssize_t)
SSIZE_T:INTERNAL=8
//CHECK_TYPE_SIZE: ucontext_t unknown
UCONTEXT_T:INTERNAL=
//Result of TRY_COMPILE
UNGETC_NOT_RETURN_EOF_COMPILED:INTERNAL=TRUE
//ADVANCED property for variable: UNGETC_NOT_RETURN_EOF_EXITCODE
UNGETC_NOT_RETURN_EOF_EXITCODE-ADVANCED:INTERNAL=1
//Have symbol _DEBUG
USER_H_DEFINES_DEBUG:INTERNAL=
//Compiler reason failure
_Python_Compiler_REASON_FAILURE:INTERNAL=
//Development reason failure
_Python_Development_REASON_FAILURE:INTERNAL=
//Path to a program.
_Python_EXECUTABLE:INTERNAL=/Library/Developer/CommandLineTools/Library/Frameworks/Python3.framework/Versions/3.9/bin/python3.9
//Python Properties
_Python_INTERPRETER_PROPERTIES:INTERNAL=Python;3;9;6;64;32;;;abi3;/Library/Developer/CommandLineTools/Library/Frameworks/Python3.framework/Versions/3.9/lib/python3.9;/Library/Developer/CommandLineTools/Library/Frameworks/Python3.framework/Versions/3.9/lib/python3.9;/Library/Python/3.9/site-packages;/Library/Python/3.9/site-packages
_Python_INTERPRETER_SIGNATURE:INTERNAL=7b21c1b9d5bd8c140cdee9cb9cb472b8
//NumPy reason failure
_Python_NumPy_REASON_FAILURE:INTERNAL=

